<?xml version="1.0" encoding="UTF-8" standalone="no"?><testsuite errors="1" failures="0" name="Test" skipped="0" tests="1" time="6.59" timestamp="2023-06-01 03:07:04"><testcase name="Testing pokeAPI"><error message="You are using a no-op implementation of the CDP. The most likely reason for this is that Selenium was unable to find an implementation of the CDP protocol that matches your browser. Please be sure to include an implementation on the classpath, possibly by adding a new (maven) dependency of `org.seleniumhq.selenium:selenium-devtools-vNN:4.8.0` where `NN` matches the major version of the browser you're using.&#10;Build info: version: '4.8.0', revision: '267030adea'&#10;System info: os.name: 'Windows 10', os.arch: 'amd64', os.version: '10.0', java.version: '18.0.2'&#10;Driver info: DevTools Connection&#10;Build info: version: '4.8.0', revision: '267030adea'&#10;System info: os.name: 'Windows 10', os.arch: 'amd64', os.version: '10.0', java.version: '18.0.2'&#10;Driver info: DevTools Connection" type="org.openqa.selenium.devtools.DevToolsException">You are using a no-op implementation of the CDP. The most likely reason for this is that Selenium was unable to find an implementation of the CDP protocol that matches your browser. Please be sure to include an implementation on the classpath, possibly by adding a new (maven) dependency of `org.seleniumhq.selenium:selenium-devtools-vNN:4.8.0` where `NN` matches the major version of the browser you're using.
Build info: version: '4.8.0', revision: '267030adea'
System info: os.name: 'Windows 10', os.arch: 'amd64', os.version: '10.0', java.version: '18.0.2'
Driver info: DevTools Connection
Build info: version: '4.8.0', revision: '267030adea'
System info: os.name: 'Windows 10', os.arch: 'amd64', os.version: '10.0', java.version: '18.0.2'
Driver info: DevTools Connection</error><system-err>You are using a no-op implementation of the CDP. The most likely reason for this is that Selenium was unable to find an implementation of the CDP protocol that matches your browser. Please be sure to include an implementation on the classpath, possibly by adding a new (maven) dependency of `org.seleniumhq.selenium:selenium-devtools-vNN:4.8.0` where `NN` matches the major version of the browser you're using.
Build info: version: '4.8.0', revision: '267030adea'
System info: os.name: 'Windows 10', os.arch: 'amd64', os.version: '10.0', java.version: '18.0.2'
Driver info: DevTools Connection
Build info: version: '4.8.0', revision: '267030adea'
System info: os.name: 'Windows 10', os.arch: 'amd64', os.version: '10.0', java.version: '18.0.2'
Driver info: DevTools Connection&#13;
steps.HoverTestSteps.clickSubmit(HoverTestSteps.java:188)&#13;
✽.Click submit(file:///C:/Users/aliriob/Desktop/AuroraAutomation/src/test/resources/features/apis/cleaningSession/Test.feature:6)&#13;
</system-err></testcase></testsuite>